<?xml version="1.0" encoding="utf-8"?><testsuites name="pytest tests"><testsuite name="pytest" errors="0" failures="1" skipped="0" tests="18" time="3.792" timestamp="2026-04-20T18:15:45.033407+00:00" hostname="agent-env-7eb7ffee-74f9-4436-8903-94fedf076d96"><testcase classname="backend.tests.test_iteration5" name="test_list_datasets" time="0.348" /><testcase classname="backend.tests.test_iteration5" name="test_info_per_dataset[uci]" time="0.057" /><testcase classname="backend.tests.test_iteration5" name="test_info_per_dataset[oulad]" time="0.069" /><testcase classname="backend.tests.test_iteration5" name="test_info_per_dataset[kaggle_xapi]" time="0.061" /><testcase classname="backend.tests.test_iteration5" name="test_info_unknown_dataset_404" time="0.057" /><testcase classname="backend.tests.test_iteration5" name="test_import_dataset_and_idempotent[uci]" time="0.187" /><testcase classname="backend.tests.test_iteration5" name="test_import_dataset_and_idempotent[oulad]" time="0.190" /><testcase classname="backend.tests.test_iteration5" name="test_import_dataset_and_idempotent[kaggle_xapi]" time="0.217" /><testcase classname="backend.tests.test_iteration5" name="test_reset_isolation_only_targeted" time="0.401" /><testcase classname="backend.tests.test_iteration5" name="test_reset_all_wipes_everything" time="0.294" /><testcase classname="backend.tests.test_iteration5" name="test_admin_endpoints_require_token[GET-/admin/datasets]" time="0.126" /><testcase classname="backend.tests.test_iteration5" name="test_admin_endpoints_require_token[GET-/admin/datasets/uci/info]" time="0.113" /><testcase classname="backend.tests.test_iteration5" name="test_admin_endpoints_require_token[POST-/admin/datasets/uci/import]" time="0.116" /><testcase classname="backend.tests.test_iteration5" name="test_admin_endpoints_require_token[POST-/admin/datasets/uci/reset]" time="0.110" /><testcase classname="backend.tests.test_iteration5" name="test_admin_endpoints_require_token[POST-/admin/datasets/reset-all]" time="0.114" /><testcase classname="backend.tests.test_iteration5" name="test_legacy_open_dataset_aliases_still_work" time="0.352" /><testcase classname="backend.tests.test_iteration5" name="test_full_import_and_downstream_analytics" time="0.730" /><testcase classname="backend.tests.test_iteration5" name="test_health_and_quizzes_still_work" time="0.140"><failure message="assert 404 == 200&#10; +  where 404 = &lt;Response [404]&gt;.status_code">backend/tests/test_iteration5.py:223: in test_health_and_quizzes_still_work
    assert h.status_code == 200
E   assert 404 == 200
E    +  where 404 = &lt;Response [404]&gt;.status_code</failure></testcase></testsuite></testsuites>