<?xml version="1.0" encoding="utf-8"?><testsuites name="pytest tests"><testsuite name="pytest" errors="0" failures="0" skipped="0" tests="35" time="30.415" timestamp="2026-04-20T18:02:35.358540+00:00" hostname="agent-env-7eb7ffee-74f9-4436-8903-94fedf076d96"><testcase classname="backend.tests.backend_test" name="test_health" time="0.143" /><testcase classname="backend.tests.backend_test" name="test_list_students" time="0.085" /><testcase classname="backend.tests.backend_test" name="test_get_student" time="0.073" /><testcase classname="backend.tests.backend_test" name="test_get_student_404" time="0.064" /><testcase classname="backend.tests.backend_test" name="test_performance" time="0.067" /><testcase classname="backend.tests.backend_test" name="test_weak_topics" time="0.073" /><testcase classname="backend.tests.backend_test" name="test_predict" time="0.068" /><testcase classname="backend.tests.backend_test" name="test_recommendations" time="8.436" /><testcase classname="backend.tests.backend_test" name="test_list_quizzes" time="0.066" /><testcase classname="backend.tests.backend_test" name="test_get_quiz" time="0.067" /><testcase classname="backend.tests.backend_test" name="test_get_quiz_404" time="0.069" /><testcase classname="backend.tests.backend_test" name="test_quiz_attempt_and_persistence" time="0.136" /><testcase classname="backend.tests.backend_test" name="test_quiz_attempt_invalid" time="0.092" /><testcase classname="backend.tests.backend_test" name="test_class_overview" time="0.091" /><testcase classname="backend.tests.backend_test" name="test_heatmap" time="0.075" /><testcase classname="backend.tests.backend_test" name="test_at_risk" time="0.067" /><testcase classname="backend.tests.backend_test" name="test_ai_tutor_chat_and_history" time="8.540" /><testcase classname="backend.tests.backend_test" name="test_ai_tutor_invalid_student" time="0.057" /><testcase classname="backend.tests.test_iteration3" name="test_export_csv" time="0.263" /><testcase classname="backend.tests.test_iteration3" name="test_export_pdf" time="0.074" /><testcase classname="backend.tests.test_iteration3" name="test_encouragement_create_and_list" time="9.711" /><testcase classname="backend.tests.test_iteration3" name="test_encouragement_404" time="0.062" /><testcase classname="backend.tests.test_iteration3" name="test_dataset_info" time="0.068" /><testcase classname="backend.tests.test_iteration3" name="test_dataset_import_then_idempotent" time="0.379" /><testcase classname="backend.tests.test_iteration3" name="test_dataset_reset" time="0.256" /><testcase classname="backend.tests.test_iteration4" name="test_admin_endpoint_requires_header[GET-/admin/open-dataset/info]" time="0.328" /><testcase classname="backend.tests.test_iteration4" name="test_admin_endpoint_requires_header[POST-/admin/open-dataset/import]" time="0.063" /><testcase classname="backend.tests.test_iteration4" name="test_admin_endpoint_requires_header[POST-/admin/open-dataset/reset]" time="0.061" /><testcase classname="backend.tests.test_iteration4" name="test_admin_endpoint_rejects_wrong_token[GET-/admin/open-dataset/info]" time="0.061" /><testcase classname="backend.tests.test_iteration4" name="test_admin_endpoint_rejects_wrong_token[POST-/admin/open-dataset/import]" time="0.055" /><testcase classname="backend.tests.test_iteration4" name="test_admin_endpoint_rejects_wrong_token[POST-/admin/open-dataset/reset]" time="0.067" /><testcase classname="backend.tests.test_iteration4" name="test_admin_info_with_correct_token" time="0.053" /><testcase classname="backend.tests.test_iteration4" name="test_admin_import_idempotent_with_correct_token" time="0.180" /><testcase classname="backend.tests.test_iteration4" name="test_admin_reset_with_correct_token" time="0.059" /><testcase classname="backend.tests.test_iteration4" name="test_non_admin_endpoint_unaffected" time="0.132" /></testsuite></testsuites>