<?xml version="1.0" encoding="utf-8"?><testsuites name="pytest tests"><testsuite name="pytest" errors="0" failures="0" skipped="0" tests="53" time="29.567" timestamp="2026-04-20T18:16:08.201354+00:00" hostname="agent-env-7eb7ffee-74f9-4436-8903-94fedf076d96"><testcase classname="backend.tests.backend_test" name="test_health" time="0.156" /><testcase classname="backend.tests.backend_test" name="test_list_students" time="0.060" /><testcase classname="backend.tests.backend_test" name="test_get_student" time="0.050" /><testcase classname="backend.tests.backend_test" name="test_get_student_404" time="0.058" /><testcase classname="backend.tests.backend_test" name="test_performance" time="0.051" /><testcase classname="backend.tests.backend_test" name="test_weak_topics" time="0.047" /><testcase classname="backend.tests.backend_test" name="test_predict" time="0.058" /><testcase classname="backend.tests.backend_test" name="test_recommendations" time="9.346" /><testcase classname="backend.tests.backend_test" name="test_list_quizzes" time="0.063" /><testcase classname="backend.tests.backend_test" name="test_get_quiz" time="0.049" /><testcase classname="backend.tests.backend_test" name="test_get_quiz_404" time="0.046" /><testcase classname="backend.tests.backend_test" name="test_quiz_attempt_and_persistence" time="0.100" /><testcase classname="backend.tests.backend_test" name="test_quiz_attempt_invalid" time="0.048" /><testcase classname="backend.tests.backend_test" name="test_class_overview" time="0.052" /><testcase classname="backend.tests.backend_test" name="test_heatmap" time="0.054" /><testcase classname="backend.tests.backend_test" name="test_at_risk" time="0.053" /><testcase classname="backend.tests.backend_test" name="test_ai_tutor_chat_and_history" time="7.518" /><testcase classname="backend.tests.backend_test" name="test_ai_tutor_invalid_student" time="0.050" /><testcase classname="backend.tests.test_iteration3" name="test_export_csv" time="0.246" /><testcase classname="backend.tests.test_iteration3" name="test_export_pdf" time="0.074" /><testcase classname="backend.tests.test_iteration3" name="test_encouragement_create_and_list" time="6.677" /><testcase classname="backend.tests.test_iteration3" name="test_encouragement_404" time="0.062" /><testcase classname="backend.tests.test_iteration3" name="test_dataset_info" time="0.057" /><testcase classname="backend.tests.test_iteration3" name="test_dataset_import_then_idempotent" time="0.353" /><testcase classname="backend.tests.test_iteration3" name="test_dataset_reset" time="0.223" /><testcase classname="backend.tests.test_iteration4" name="test_admin_endpoint_requires_header[GET-/admin/open-dataset/info]" time="0.200" /><testcase classname="backend.tests.test_iteration4" name="test_admin_endpoint_requires_header[POST-/admin/open-dataset/import]" time="0.049" /><testcase classname="backend.tests.test_iteration4" name="test_admin_endpoint_requires_header[POST-/admin/open-dataset/reset]" time="0.049" /><testcase classname="backend.tests.test_iteration4" name="test_admin_endpoint_rejects_wrong_token[GET-/admin/open-dataset/info]" time="0.060" /><testcase classname="backend.tests.test_iteration4" name="test_admin_endpoint_rejects_wrong_token[POST-/admin/open-dataset/import]" time="0.051" /><testcase classname="backend.tests.test_iteration4" name="test_admin_endpoint_rejects_wrong_token[POST-/admin/open-dataset/reset]" time="0.055" /><testcase classname="backend.tests.test_iteration4" name="test_admin_info_with_correct_token" time="0.052" /><testcase classname="backend.tests.test_iteration4" name="test_admin_import_idempotent_with_correct_token" time="0.177" /><testcase classname="backend.tests.test_iteration4" name="test_admin_reset_with_correct_token" time="0.057" /><testcase classname="backend.tests.test_iteration4" name="test_non_admin_endpoint_unaffected" time="0.112" /><testcase classname="backend.tests.test_iteration5" name="test_list_datasets" time="0.178" /><testcase classname="backend.tests.test_iteration5" name="test_info_per_dataset[uci]" time="0.048" /><testcase classname="backend.tests.test_iteration5" name="test_info_per_dataset[oulad]" time="0.049" /><testcase classname="backend.tests.test_iteration5" name="test_info_per_dataset[kaggle_xapi]" time="0.050" /><testcase classname="backend.tests.test_iteration5" name="test_info_unknown_dataset_404" time="0.046" /><testcase classname="backend.tests.test_iteration5" name="test_import_dataset_and_idempotent[uci]" time="0.154" /><testcase classname="backend.tests.test_iteration5" name="test_import_dataset_and_idempotent[oulad]" time="0.150" /><testcase classname="backend.tests.test_iteration5" name="test_import_dataset_and_idempotent[kaggle_xapi]" time="0.160" /><testcase classname="backend.tests.test_iteration5" name="test_reset_isolation_only_targeted" time="0.303" /><testcase classname="backend.tests.test_iteration5" name="test_reset_all_wipes_everything" time="0.264" /><testcase classname="backend.tests.test_iteration5" name="test_admin_endpoints_require_token[GET-/admin/datasets]" time="0.109" /><testcase classname="backend.tests.test_iteration5" name="test_admin_endpoints_require_token[GET-/admin/datasets/uci/info]" time="0.092" /><testcase classname="backend.tests.test_iteration5" name="test_admin_endpoints_require_token[POST-/admin/datasets/uci/import]" time="0.101" /><testcase classname="backend.tests.test_iteration5" name="test_admin_endpoints_require_token[POST-/admin/datasets/uci/reset]" time="0.193" /><testcase classname="backend.tests.test_iteration5" name="test_admin_endpoints_require_token[POST-/admin/datasets/reset-all]" time="0.129" /><testcase classname="backend.tests.test_iteration5" name="test_legacy_open_dataset_aliases_still_work" time="0.244" /><testcase classname="backend.tests.test_iteration5" name="test_full_import_and_downstream_analytics" time="0.586" /><testcase classname="backend.tests.test_iteration5" name="test_health_and_quizzes_still_work" time="0.182" /></testsuite></testsuites>