<?xml version="1.0" encoding="utf-8"?><testsuites name="pytest tests"><testsuite name="pytest" errors="0" failures="0" skipped="0" tests="7" time="9.716" timestamp="2026-04-20T15:40:15.052349+00:00" hostname="agent-env-7eb7ffee-74f9-4436-8903-94fedf076d96"><testcase classname="backend.tests.test_iteration3" name="test_export_csv" time="0.347" /><testcase classname="backend.tests.test_iteration3" name="test_export_pdf" time="0.078" /><testcase classname="backend.tests.test_iteration3" name="test_encouragement_create_and_list" time="8.422" /><testcase classname="backend.tests.test_iteration3" name="test_encouragement_404" time="0.067" /><testcase classname="backend.tests.test_iteration3" name="test_dataset_info" time="0.048" /><testcase classname="backend.tests.test_iteration3" name="test_dataset_import_then_idempotent" time="0.343" /><testcase classname="backend.tests.test_iteration3" name="test_dataset_reset" time="0.215" /></testsuite></testsuites>