<?xml version="1.0" encoding="utf-8"?><testsuites name="pytest tests"><testsuite name="pytest" errors="0" failures="0" skipped="0" tests="18" time="18.170" timestamp="2026-04-20T15:40:29.109279+00:00" hostname="agent-env-7eb7ffee-74f9-4436-8903-94fedf076d96"><testcase classname="backend.tests.backend_test" name="test_health" time="0.147" /><testcase classname="backend.tests.backend_test" name="test_list_students" time="0.056" /><testcase classname="backend.tests.backend_test" name="test_get_student" time="0.054" /><testcase classname="backend.tests.backend_test" name="test_get_student_404" time="0.066" /><testcase classname="backend.tests.backend_test" name="test_performance" time="0.051" /><testcase classname="backend.tests.backend_test" name="test_weak_topics" time="0.049" /><testcase classname="backend.tests.backend_test" name="test_predict" time="0.050" /><testcase classname="backend.tests.backend_test" name="test_recommendations" time="8.624" /><testcase classname="backend.tests.backend_test" name="test_list_quizzes" time="0.063" /><testcase classname="backend.tests.backend_test" name="test_get_quiz" time="0.051" /><testcase classname="backend.tests.backend_test" name="test_get_quiz_404" time="0.056" /><testcase classname="backend.tests.backend_test" name="test_quiz_attempt_and_persistence" time="0.113" /><testcase classname="backend.tests.backend_test" name="test_quiz_attempt_invalid" time="0.051" /><testcase classname="backend.tests.backend_test" name="test_class_overview" time="0.058" /><testcase classname="backend.tests.backend_test" name="test_heatmap" time="0.058" /><testcase classname="backend.tests.backend_test" name="test_at_risk" time="0.056" /><testcase classname="backend.tests.backend_test" name="test_ai_tutor_chat_and_history" time="8.442" /><testcase classname="backend.tests.backend_test" name="test_ai_tutor_invalid_student" time="0.055" /></testsuite></testsuites>